<?xml version="1.0" encoding="UTF-8"?>
<testng-results ignored="0" total="1" passed="1" failed="0" skipped="0">
  <reporter-output>
  </reporter-output>
  <suite started-at="2021-10-04T21:28:13 EDT" name="Surefire suite" finished-at="2021-10-04T21:28:13 EDT" duration-ms="64">
    <groups>
    </groups>
    <test started-at="2021-10-04T21:28:13 EDT" name="Surefire test" finished-at="2021-10-04T21:28:13 EDT" duration-ms="64">
      <class name="learn.log4j_troubleshoot.log4jTest">
        <test-method signature="TC1()[pri:0, instance:learn.log4j_troubleshoot.log4jTest@48793bef]" started-at="2021-10-04T21:28:13 EDT" name="TC1" finished-at="2021-10-04T21:28:13 EDT" duration-ms="17" status="PASS">
          <reporter-output>
          </reporter-output>
        </test-method> <!-- TC1 -->
      </class> <!-- learn.log4j_troubleshoot.log4jTest -->
    </test> <!-- Surefire test -->
  </suite> <!-- Surefire suite -->
</testng-results>
