<?xml version="1.0" encoding="UTF-8"?>
<testng-results ignored="0" total="1" passed="1" failed="0" skipped="0">
  <reporter-output>
  </reporter-output>
  <suite started-at="2021-10-04T21:23:46 EDT" name="Suite" finished-at="2021-10-04T21:23:47 EDT" duration-ms="74">
    <groups>
    </groups>
    <test started-at="2021-10-04T21:23:46 EDT" name="Test" finished-at="2021-10-04T21:23:47 EDT" duration-ms="74">
      <class name="learn.log4j_troubleshoot.log4jTest">
        <test-method signature="TC1()[pri:0, instance:learn.log4j_troubleshoot.log4jTest@3403e2ac]" started-at="2021-10-04T21:23:46 EDT" name="TC1" finished-at="2021-10-04T21:23:47 EDT" duration-ms="25" status="PASS">
          <reporter-output>
          </reporter-output>
        </test-method> <!-- TC1 -->
      </class> <!-- learn.log4j_troubleshoot.log4jTest -->
    </test> <!-- Test -->
  </suite> <!-- Suite -->
</testng-results>
